Using pre-set license
Built from '2021.3/staging' branch; Version is '2021.3.6f1 (7da38d85baf6) revision 8233869'; Using compiler version '192829333'; Build Type 'Release'
OS: 'Windows 10  (10.0.19044) 64bit Professional' Language: 'ko' Physical Memory: 16266 MB
BatchMode: 1, IsHumanControllingUs: 0, StartBugReporterOnCrash: 0, Is64bit: 1, IsPro: 1

COMMAND LINE ARGUMENTS:
D:\Programs\Unity Hub\2021.3.6f1\Editor\Unity.exe
-adb2
-batchMode
-noUpm
-name
AssetImportWorker0
-projectPath
D:/Unity/GitHub/ZombieSurvival/Zombie
-logFile
Logs/AssetImportWorker0.log
-srvPort
5642
Successfully changed project path to: D:/Unity/GitHub/ZombieSurvival/Zombie
D:/Unity/GitHub/ZombieSurvival/Zombie
[UnityMemory] Configuration Parameters - Can be set up in boot.config
    "memorysetup-bucket-allocator-granularity=16"
    "memorysetup-bucket-allocator-bucket-count=8"
    "memorysetup-bucket-allocator-block-size=33554432"
    "memorysetup-bucket-allocator-block-count=8"
    "memorysetup-main-allocator-block-size=16777216"
    "memorysetup-thread-allocator-block-size=16777216"
    "memorysetup-gfx-main-allocator-block-size=16777216"
    "memorysetup-gfx-thread-allocator-block-size=16777216"
    "memorysetup-cache-allocator-block-size=4194304"
    "memorysetup-typetree-allocator-block-size=2097152"
    "memorysetup-profiler-bucket-allocator-granularity=16"
    "memorysetup-profiler-bucket-allocator-bucket-count=8"
    "memorysetup-profiler-bucket-allocator-block-size=33554432"
    "memorysetup-profiler-bucket-allocator-block-count=8"
    "memorysetup-profiler-allocator-block-size=16777216"
    "memorysetup-profiler-editor-allocator-block-size=1048576"
    "memorysetup-temp-allocator-size-main=16777216"
    "memorysetup-job-temp-allocator-block-size=2097152"
    "memorysetup-job-temp-allocator-block-size-background=1048576"
    "memorysetup-job-temp-allocator-reduction-small-platforms=262144"
    "memorysetup-temp-allocator-size-background-worker=32768"
    "memorysetup-temp-allocator-size-job-worker=262144"
    "memorysetup-temp-allocator-size-preload-manager=33554432"
    "memorysetup-temp-allocator-size-nav-mesh-worker=65536"
    "memorysetup-temp-allocator-size-audio-worker=65536"
    "memorysetup-temp-allocator-size-cloud-worker=32768"
    "memorysetup-temp-allocator-size-gi-baking-worker=262144"
    "memorysetup-temp-allocator-size-gfx=262144"
Refreshing native plugins compatible for Editor in 110.04 ms, found 3 plugins.
Preloading 0 native plugins for Editor in 0.00 ms.
Initialize engine version: 2021.3.6f1 (7da38d85baf6)
[Subsystems] Discovering subsystems at path D:/Programs/Unity Hub/2021.3.6f1/Editor/Data/Resources/UnitySubsystems
[Subsystems] Discovering subsystems at path D:/Unity/GitHub/ZombieSurvival/Zombie/Assets
GfxDevice: creating device client; threaded=0; jobified=0
Direct3D:
    Version:  Direct3D 11.0 [level 11.1]
    Renderer: NVIDIA GeForce GTX 1060 3GB (ID=0x1b84)
    Vendor:   NVIDIA
    VRAM:     2988 MB
    Driver:   30.0.15.1215
Initialize mono
Mono path[0] = 'D:/Programs/Unity Hub/2021.3.6f1/Editor/Data/Managed'
Mono path[1] = 'D:/Programs/Unity Hub/2021.3.6f1/Editor/Data/MonoBleedingEdge/lib/mono/unityjit-win32'
Mono config path = 'D:/Programs/Unity Hub/2021.3.6f1/Editor/Data/MonoBleedingEdge/etc'
Using monoOptions --debugger-agent=transport=dt_socket,embedding=1,server=y,suspend=n,address=127.0.0.1:56440
Begin MonoManager ReloadAssembly
Registering precompiled unity dll's ...
Register platform support module: D:/Programs/Unity Hub/2021.3.6f1/Editor/Data/PlaybackEngines/WebGLSupport/UnityEditor.WebGL.Extensions.dll
Register platform support module: D:/Programs/Unity Hub/2021.3.6f1/Editor/Data/PlaybackEngines/AndroidPlayer/UnityEditor.Android.Extensions.dll
Register platform support module: D:/Programs/Unity Hub/2021.3.6f1/Editor/Data/PlaybackEngines/WindowsStandaloneSupport/UnityEditor.WindowsStandalone.Extensions.dll
Register platform support module: D:/Programs/Unity Hub/2021.3.6f1/Editor/Data/PlaybackEngines/MetroSupport/UnityEditor.UWP.Extensions.dll
Registered in 0.005066 seconds.
Native extension for UWP target not found
Native extension for WindowsStandalone target not found
Native extension for Android target not found
Native extension for WebGL target not found
Refreshing native plugins compatible for Editor in 118.96 ms, found 3 plugins.
Preloading 0 native plugins for Editor in 0.00 ms.
Mono: successfully reloaded assembly
- Completed reload, in  0.799 seconds
Domain Reload Profiling:
	ReloadAssembly (800ms)
		BeginReloadAssembly (83ms)
			ExecutionOrderSort (0ms)
			DisableScriptedObjects (0ms)
			BackupInstance (0ms)
			ReleaseScriptingObjects (0ms)
			CreateAndSetChildDomain (1ms)
		EndReloadAssembly (595ms)
			LoadAssemblies (82ms)
			RebuildTransferFunctionScriptingTraits (0ms)
			SetupTypeCache (150ms)
			ReleaseScriptCaches (0ms)
			RebuildScriptCaches (32ms)
			SetupLoadedEditorAssemblies (360ms)
				LogAssemblyErrors (0ms)
				InitializePlatformSupportModulesInManaged (78ms)
				SetLoadedEditorAssemblies (0ms)
				RefreshPlugins (119ms)
				BeforeProcessingInitializeOnLoad (1ms)
				ProcessInitializeOnLoadAttributes (110ms)
				ProcessInitializeOnLoadMethodAttributes (51ms)
				AfterProcessingInitializeOnLoad (0ms)
				EditorAssembliesLoaded (0ms)
			ExecutionOrderSort2 (0ms)
			AwakeInstancesAfterBackupRestoration (0ms)
Platform modules already initialized, skipping
Registering precompiled user dll's ...
Registered in 0.005405 seconds.
Begin MonoManager ReloadAssembly
Symbol file LoadedFromMemory doesn't match image D:\Unity\GitHub\ZombieSurvival\Zombie\Library\PackageCache\com.unity.visualscripting@1.7.8\Editor\VisualScripting.Core\Dependencies\YamlDotNet\Unity.VisualScripting.YamlDotNet.dll
Symbol file LoadedFromMemory doesn't match image D:\Unity\GitHub\ZombieSurvival\Zombie\Library\PackageCache\com.unity.visualscripting@1.7.8\Editor\VisualScripting.Core\Dependencies\DotNetZip\Unity.VisualScripting.IonicZip.dll
Native extension for UWP target not found
Native extension for WindowsStandalone target not found
Native extension for Android target not found
Native extension for WebGL target not found
Refreshing native plugins compatible for Editor in 0.57 ms, found 3 plugins.
Preloading 0 native plugins for Editor in 0.00 ms.
Mono: successfully reloaded assembly
- Completed reload, in  1.274 seconds
Domain Reload Profiling:
	ReloadAssembly (1275ms)
		BeginReloadAssembly (229ms)
			ExecutionOrderSort (0ms)
			DisableScriptedObjects (7ms)
			BackupInstance (0ms)
			ReleaseScriptingObjects (0ms)
			CreateAndSetChildDomain (128ms)
		EndReloadAssembly (924ms)
			LoadAssemblies (84ms)
			RebuildTransferFunctionScriptingTraits (0ms)
			SetupTypeCache (317ms)
			ReleaseScriptCaches (1ms)
			RebuildScriptCaches (54ms)
			SetupLoadedEditorAssemblies (425ms)
				LogAssemblyErrors (0ms)
				InitializePlatformSupportModulesInManaged (21ms)
				SetLoadedEditorAssemblies (1ms)
				RefreshPlugins (1ms)
				BeforeProcessingInitializeOnLoad (99ms)
				ProcessInitializeOnLoadAttributes (269ms)
				ProcessInitializeOnLoadMethodAttributes (30ms)
				AfterProcessingInitializeOnLoad (4ms)
				EditorAssembliesLoaded (0ms)
			ExecutionOrderSort2 (0ms)
			AwakeInstancesAfterBackupRestoration (7ms)
Platform modules already initialized, skipping
========================================================================
Worker process is ready to serve import requests
Launched and connected shader compiler UnityShaderCompiler.exe after 0.05 seconds
Refreshing native plugins compatible for Editor in 0.65 ms, found 3 plugins.
Preloading 0 native plugins for Editor in 0.00 ms.
Unloading 3368 Unused Serialized files (Serialized files now loaded: 0)
Unloading 27 unused Assets / (111.4 KB). Loaded Objects now: 3827.
Memory consumption went from 120.3 MB to 120.2 MB.
Total: 4.310300 ms (FindLiveObjects: 0.366900 ms CreateObjectMapping: 0.306500 ms MarkObjects: 3.454200 ms  DeleteObjects: 0.181800 ms)

AssetImportParameters requested are different than current active one (requested -> active):
  custom:video-decoder-ogg-theora: a1e56fd34408186e4bbccfd4996cb3dc -> 
  custom:container-muxer-webm: aa71ff27fc2769a1b78a27578f13a17b -> 
  custom:container-demuxer-webm: 4f35f7cbe854078d1ac9338744f61a02 -> 
  custom:video-encoder-webm-vp8: eb34c28f22e8b96e1ab97ce403110664 -> 
  custom:audio-encoder-webm-vorbis: bf7c407c2cedff20999df2af8eb42d56 -> 
  custom:framework-win-MediaFoundation: 216162199b28c13a410421893ffa2e32 -> 
  custom:container-demuxer-ogg: 62fdf1f143b41e24485cea50d1cbac27 -> 
  custom:video-decoder-webm-vp8: 9c59270c3fd7afecdb556c50c9e8de78 -> 
  custom:audio-decoder-ogg-vorbis: bf7c407c2cedff20999df2af8eb42d56 -> 
========================================================================
Received Import Request.
  Time since last request: 514482.925958 seconds.
  path: Assets/Sprites
  artifactKey: Guid(d5bce13369ae64b3d94c666aa616b18e) Importer(815301076,1909f56bfc062723c751e8b465ee728b)
Start importing Assets/Sprites using Guid(d5bce13369ae64b3d94c666aa616b18e) Importer(815301076,1909f56bfc062723c751e8b465ee728b)  -> (artifact id: '592f7f71f4d6b96d6b8b2391ee5bdeeb') in 0.011095 seconds 
========================================================================
Received Import Request.
  Time since last request: 34.733715 seconds.
  path: Assets/01.Sprites
  artifactKey: Guid(d5bce13369ae64b3d94c666aa616b18e) Importer(815301076,1909f56bfc062723c751e8b465ee728b)
Start importing Assets/01.Sprites using Guid(d5bce13369ae64b3d94c666aa616b18e) Importer(815301076,1909f56bfc062723c751e8b465ee728b)  -> (artifact id: 'e386b12f9690b142c1ffe565ee2bee47') in 0.005893 seconds 
========================================================================
Received Import Request.
  Time since last request: 5.343748 seconds.
  path: Assets/Prefabs
  artifactKey: Guid(56f186d9e63ef4c12bdde22784fdc2fa) Importer(815301076,1909f56bfc062723c751e8b465ee728b)
Start importing Assets/Prefabs using Guid(56f186d9e63ef4c12bdde22784fdc2fa) Importer(815301076,1909f56bfc062723c751e8b465ee728b)  -> (artifact id: '1a08b43a2e4a4e0b986cb520c1449ca3') in 0.006384 seconds 
========================================================================
Received Import Request.
  Time since last request: 6.328967 seconds.
  path: Assets/02.Prefabs
  artifactKey: Guid(56f186d9e63ef4c12bdde22784fdc2fa) Importer(815301076,1909f56bfc062723c751e8b465ee728b)
Start importing Assets/02.Prefabs using Guid(56f186d9e63ef4c12bdde22784fdc2fa) Importer(815301076,1909f56bfc062723c751e8b465ee728b)  -> (artifact id: 'b8cd6c1f39e6ba51cb55bcbfa0710dfc') in 0.005638 seconds 
========================================================================
Received Import Request.
  Time since last request: 23.878446 seconds.
  path: Assets/03.Models
  artifactKey: Guid(615747f419fb549d4b3d7f79f8305ae6) Importer(815301076,1909f56bfc062723c751e8b465ee728b)
Start importing Assets/03.Models using Guid(615747f419fb549d4b3d7f79f8305ae6) Importer(815301076,1909f56bfc062723c751e8b465ee728b)  -> (artifact id: 'd488258c6afc0445a798b5789bbedbfe') in 0.006212 seconds 
========================================================================
Received Import Request.
  Time since last request: 16.678848 seconds.
  path: Assets/04.Materials
  artifactKey: Guid(674d9a3b80e8f48c6aed85d35e4f7676) Importer(815301076,1909f56bfc062723c751e8b465ee728b)
Start importing Assets/04.Materials using Guid(674d9a3b80e8f48c6aed85d35e4f7676) Importer(815301076,1909f56bfc062723c751e8b465ee728b)  -> (artifact id: '8e7dada3e8d0113d039d343af998643b') in 0.005688 seconds 
========================================================================
Received Import Request.
  Time since last request: 17.164977 seconds.
  path: Assets/Textures
  artifactKey: Guid(ecced817679cc474cab08235ce88fed3) Importer(815301076,1909f56bfc062723c751e8b465ee728b)
Start importing Assets/Textures using Guid(ecced817679cc474cab08235ce88fed3) Importer(815301076,1909f56bfc062723c751e8b465ee728b)  -> (artifact id: 'a4aa6d614a7989f152d4f639b5f9b11c') in 0.005802 seconds 
========================================================================
Received Import Request.
  Time since last request: 4.696097 seconds.
  path: Assets/05.Textures
  artifactKey: Guid(ecced817679cc474cab08235ce88fed3) Importer(815301076,1909f56bfc062723c751e8b465ee728b)
Start importing Assets/05.Textures using Guid(ecced817679cc474cab08235ce88fed3) Importer(815301076,1909f56bfc062723c751e8b465ee728b)  -> (artifact id: '6e496aba1ae052d5c3723c2ae7ec6d35') in 0.005726 seconds 
========================================================================
Received Import Request.
  Time since last request: 15.537668 seconds.
  path: Assets/06.Sprites
  artifactKey: Guid(d5bce13369ae64b3d94c666aa616b18e) Importer(815301076,1909f56bfc062723c751e8b465ee728b)
Start importing Assets/06.Sprites using Guid(d5bce13369ae64b3d94c666aa616b18e) Importer(815301076,1909f56bfc062723c751e8b465ee728b)  -> (artifact id: '022100ee3c5bb002ed461e9ed2c2229e') in 0.005519 seconds 
========================================================================
Received Import Request.
  Time since last request: 22.646456 seconds.
  path: Assets/07.Audios
  artifactKey: Guid(fce4d02c8fc134a40a6dad0ba78bb923) Importer(815301076,1909f56bfc062723c751e8b465ee728b)
Start importing Assets/07.Audios using Guid(fce4d02c8fc134a40a6dad0ba78bb923) Importer(815301076,1909f56bfc062723c751e8b465ee728b)  -> (artifact id: '1fe0c744c3fd4cc225ddd74e8098d32b') in 0.005693 seconds 
========================================================================
Received Import Request.
  Time since last request: 11.065788 seconds.
  path: Assets/08.Fonts
  artifactKey: Guid(e0f45a5299b3444ae824b2cc7d6e0c72) Importer(815301076,1909f56bfc062723c751e8b465ee728b)
Start importing Assets/08.Fonts using Guid(e0f45a5299b3444ae824b2cc7d6e0c72) Importer(815301076,1909f56bfc062723c751e8b465ee728b)  -> (artifact id: '310936c15932e83ac149658d502fb61a') in 0.005631 seconds 
========================================================================
Received Import Request.
  Time since last request: 15.215302 seconds.
  path: Assets/09.Animations
  artifactKey: Guid(26f54e1af9458a344ac7fa6526794715) Importer(815301076,1909f56bfc062723c751e8b465ee728b)
Start importing Assets/09.Animations using Guid(26f54e1af9458a344ac7fa6526794715) Importer(815301076,1909f56bfc062723c751e8b465ee728b)  -> (artifact id: '2e34b502f36dc0b25d7e47f117d71f9b') in 0.014275 seconds 
========================================================================
Received Import Request.
  Time since last request: 53.404335 seconds.
  path: Assets/02.Prefabs/Level Art.prefab
  artifactKey: Guid(49b04053ea2dc49ae8eae12418134ef1) Importer(815301076,1909f56bfc062723c751e8b465ee728b)
Start importing Assets/02.Prefabs/Level Art.prefab using Guid(49b04053ea2dc49ae8eae12418134ef1) Importer(815301076,1909f56bfc062723c751e8b465ee728b)  -> (artifact id: '526faaf51c35f25224f8678571e7c2a1') in 4.440569 seconds 
========================================================================
Received Import Request.
  Time since last request: 1877.974840 seconds.
  path: Assets/09.Animations/Upper Body Mask.mask
  artifactKey: Guid(a0bb31f6cca2c444dabf132a8b2b5f93) Importer(815301076,1909f56bfc062723c751e8b465ee728b)
Start importing Assets/09.Animations/Upper Body Mask.mask using Guid(a0bb31f6cca2c444dabf132a8b2b5f93) Importer(815301076,1909f56bfc062723c751e8b465ee728b)  -> (artifact id: 'dffa956c92ebb85048b3924a45619c57') in 0.008309 seconds 
========================================================================
Received Import Request.
  Time since last request: 43.504560 seconds.
  path: Assets/09.Animations/Upper Body.mask
  artifactKey: Guid(6a1e73b6c20f7244caaed3ac58387dd8) Importer(815301076,1909f56bfc062723c751e8b465ee728b)
Start importing Assets/09.Animations/Upper Body.mask using Guid(6a1e73b6c20f7244caaed3ac58387dd8) Importer(815301076,1909f56bfc062723c751e8b465ee728b)  -> (artifact id: '5f1fa8b587e763ff0fbc0b9d598b68fb') in 0.006113 seconds 
========================================================================
Received Import Request.
  Time since last request: 725.154183 seconds.
  path: Assets/09.Animations/Upper Body.mask
  artifactKey: Guid(6a1e73b6c20f7244caaed3ac58387dd8) Importer(815301076,1909f56bfc062723c751e8b465ee728b)
Start importing Assets/09.Animations/Upper Body.mask using Guid(6a1e73b6c20f7244caaed3ac58387dd8) Importer(815301076,1909f56bfc062723c751e8b465ee728b)  -> (artifact id: 'dc590088db575248789a2912e7d9061a') in 0.002638 seconds 
========================================================================
Received Prepare
Registering precompiled user dll's ...
Registered in 0.005054 seconds.
Begin MonoManager ReloadAssembly
Symbol file LoadedFromMemory doesn't match image D:\Unity\GitHub\ZombieSurvival\Zombie\Library\PackageCache\com.unity.visualscripting@1.7.8\Editor\VisualScripting.Core\Dependencies\YamlDotNet\Unity.VisualScripting.YamlDotNet.dll
Symbol file LoadedFromMemory doesn't match image D:\Unity\GitHub\ZombieSurvival\Zombie\Library\PackageCache\com.unity.visualscripting@1.7.8\Editor\VisualScripting.Core\Dependencies\DotNetZip\Unity.VisualScripting.IonicZip.dll
Native extension for UWP target not found
Native extension for WindowsStandalone target not found
Native extension for Android target not found
Native extension for WebGL target not found
Refreshing native plugins compatible for Editor in 1.02 ms, found 3 plugins.
Preloading 0 native plugins for Editor in 0.00 ms.
Mono: successfully reloaded assembly
- Completed reload, in  1.150 seconds
Domain Reload Profiling:
	ReloadAssembly (1151ms)
		BeginReloadAssembly (169ms)
			ExecutionOrderSort (0ms)
			DisableScriptedObjects (5ms)
			BackupInstance (0ms)
			ReleaseScriptingObjects (0ms)
			CreateAndSetChildDomain (48ms)
		EndReloadAssembly (867ms)
			LoadAssemblies (107ms)
			RebuildTransferFunctionScriptingTraits (0ms)
			SetupTypeCache (321ms)
			ReleaseScriptCaches (1ms)
			RebuildScriptCaches (42ms)
			SetupLoadedEditorAssemblies (368ms)
				LogAssemblyErrors (0ms)
				InitializePlatformSupportModulesInManaged (26ms)
				SetLoadedEditorAssemblies (1ms)
				RefreshPlugins (1ms)
				BeforeProcessingInitializeOnLoad (76ms)
				ProcessInitializeOnLoadAttributes (229ms)
				ProcessInitializeOnLoadMethodAttributes (30ms)
				AfterProcessingInitializeOnLoad (4ms)
				EditorAssembliesLoaded (0ms)
			ExecutionOrderSort2 (0ms)
			AwakeInstancesAfterBackupRestoration (8ms)
Platform modules already initialized, skipping
Refreshing native plugins compatible for Editor in 2.47 ms, found 3 plugins.
Preloading 0 native plugins for Editor in 0.00 ms.
Unloading 3388 Unused Serialized files (Serialized files now loaded: 0)
Unloading 32 unused Assets / (3.0 MB). Loaded Objects now: 3857.
Memory consumption went from 204.6 MB to 201.6 MB.
Total: 4.261500 ms (FindLiveObjects: 0.276400 ms CreateObjectMapping: 0.171600 ms MarkObjects: 2.468100 ms  DeleteObjects: 1.344100 ms)

AssetImportParameters requested are different than current active one (requested -> active):
  custom:video-decoder-ogg-theora: a1e56fd34408186e4bbccfd4996cb3dc -> 
  custom:container-muxer-webm: aa71ff27fc2769a1b78a27578f13a17b -> 
  custom:container-demuxer-webm: 4f35f7cbe854078d1ac9338744f61a02 -> 
  custom:video-encoder-webm-vp8: eb34c28f22e8b96e1ab97ce403110664 -> 
  custom:audio-encoder-webm-vorbis: bf7c407c2cedff20999df2af8eb42d56 -> 
  custom:framework-win-MediaFoundation: 216162199b28c13a410421893ffa2e32 -> 
  custom:container-demuxer-ogg: 62fdf1f143b41e24485cea50d1cbac27 -> 
  custom:video-decoder-webm-vp8: 9c59270c3fd7afecdb556c50c9e8de78 -> 
  custom:audio-decoder-ogg-vorbis: bf7c407c2cedff20999df2af8eb42d56 -> 
========================================================================
Received Import Request.
  Time since last request: 1534.129366 seconds.
  path: Assets/unity-chan!
  artifactKey: Guid(6fceb3a2ab012904fa5fef51a10da020) Importer(815301076,1909f56bfc062723c751e8b465ee728b)
Start importing Assets/unity-chan! using Guid(6fceb3a2ab012904fa5fef51a10da020) Importer(815301076,1909f56bfc062723c751e8b465ee728b)  -> (artifact id: 'df0d6dc3cecd8a0c48faf2f6f7014db7') in 0.014377 seconds 
========================================================================
Received Import Request.
  Time since last request: 4.694934 seconds.
  path: Assets/unity-chan!/Unity-chan! Model
  artifactKey: Guid(6395fe2434a22ef41b83186b290f8fab) Importer(815301076,1909f56bfc062723c751e8b465ee728b)
Start importing Assets/unity-chan!/Unity-chan! Model using Guid(6395fe2434a22ef41b83186b290f8fab) Importer(815301076,1909f56bfc062723c751e8b465ee728b)  -> (artifact id: 'b62eb8ede89aecdddbd1f691c5324a9f') in 0.006045 seconds 
========================================================================
Received Import Request.
  Time since last request: 11.523862 seconds.
  path: Assets/unity-chan!/Unity-chan! Model/Art
  artifactKey: Guid(defce7c728fb01d49a7a7e9205dbde77) Importer(815301076,1909f56bfc062723c751e8b465ee728b)
Start importing Assets/unity-chan!/Unity-chan! Model/Art using Guid(defce7c728fb01d49a7a7e9205dbde77) Importer(815301076,1909f56bfc062723c751e8b465ee728b)  -> (artifact id: '70e446d08951aa7bd597f037874cc8a1') in 0.008393 seconds 
========================================================================
Received Import Request.
  Time since last request: 1.473989 seconds.
  path: Assets/unity-chan!/Unity-chan! Model/Art/Models
  artifactKey: Guid(0651926009c11fa4b939d33f086c4028) Importer(815301076,1909f56bfc062723c751e8b465ee728b)
Start importing Assets/unity-chan!/Unity-chan! Model/Art/Models using Guid(0651926009c11fa4b939d33f086c4028) Importer(815301076,1909f56bfc062723c751e8b465ee728b)  -> (artifact id: '109a442748e8bb85528cd2403d6db6f9') in 0.005785 seconds 
========================================================================
Received Import Request.
  Time since last request: 1.153470 seconds.
  path: Assets/unity-chan!/Unity-chan! Model/Art/Models/unitychan.fbx
  artifactKey: Guid(8f0565f23a2b58541a475bd3c1393052) Importer(815301076,1909f56bfc062723c751e8b465ee728b)
Start importing Assets/unity-chan!/Unity-chan! Model/Art/Models/unitychan.fbx using Guid(8f0565f23a2b58541a475bd3c1393052) Importer(815301076,1909f56bfc062723c751e8b465ee728b)  -> (artifact id: '55f2f5f53c26dec69089d0a8a770f68f') in 0.737487 seconds 
========================================================================
Received Prepare
Registering precompiled user dll's ...
Registered in 0.004955 seconds.
Begin MonoManager ReloadAssembly
Symbol file LoadedFromMemory doesn't match image D:\Unity\GitHub\ZombieSurvival\Zombie\Library\PackageCache\com.unity.visualscripting@1.7.8\Editor\VisualScripting.Core\Dependencies\YamlDotNet\Unity.VisualScripting.YamlDotNet.dll
Symbol file LoadedFromMemory doesn't match image D:\Unity\GitHub\ZombieSurvival\Zombie\Library\PackageCache\com.unity.visualscripting@1.7.8\Editor\VisualScripting.Core\Dependencies\DotNetZip\Unity.VisualScripting.IonicZip.dll
Native extension for UWP target not found
Native extension for WindowsStandalone target not found
Native extension for Android target not found
Native extension for WebGL target not found
Refreshing native plugins compatible for Editor in 0.92 ms, found 3 plugins.
Preloading 0 native plugins for Editor in 0.00 ms.
Mono: successfully reloaded assembly
- Completed reload, in  1.218 seconds
Domain Reload Profiling:
	ReloadAssembly (1219ms)
		BeginReloadAssembly (138ms)
			ExecutionOrderSort (0ms)
			DisableScriptedObjects (5ms)
			BackupInstance (0ms)
			ReleaseScriptingObjects (0ms)
			CreateAndSetChildDomain (41ms)
		EndReloadAssembly (965ms)
			LoadAssemblies (86ms)
			RebuildTransferFunctionScriptingTraits (0ms)
			SetupTypeCache (308ms)
			ReleaseScriptCaches (1ms)
			RebuildScriptCaches (55ms)
			SetupLoadedEditorAssemblies (444ms)
				LogAssemblyErrors (0ms)
				InitializePlatformSupportModulesInManaged (32ms)
				SetLoadedEditorAssemblies (1ms)
				RefreshPlugins (1ms)
				BeforeProcessingInitializeOnLoad (88ms)
				ProcessInitializeOnLoadAttributes (284ms)
				ProcessInitializeOnLoadMethodAttributes (35ms)
				AfterProcessingInitializeOnLoad (5ms)
				EditorAssembliesLoaded (0ms)
			ExecutionOrderSort2 (0ms)
			AwakeInstancesAfterBackupRestoration (9ms)
Platform modules already initialized, skipping
Refreshing native plugins compatible for Editor in 1.95 ms, found 3 plugins.
Preloading 0 native plugins for Editor in 0.00 ms.
Unloading 3387 Unused Serialized files (Serialized files now loaded: 0)
Unloading 24 unused Assets / (1.2 MB). Loaded Objects now: 3871.
Memory consumption went from 217.5 MB to 216.3 MB.
Total: 5.066800 ms (FindLiveObjects: 0.358600 ms CreateObjectMapping: 0.262400 ms MarkObjects: 3.397700 ms  DeleteObjects: 1.046900 ms)

AssetImportParameters requested are different than current active one (requested -> active):
  custom:video-decoder-ogg-theora: a1e56fd34408186e4bbccfd4996cb3dc -> 
  custom:container-muxer-webm: aa71ff27fc2769a1b78a27578f13a17b -> 
  custom:container-demuxer-webm: 4f35f7cbe854078d1ac9338744f61a02 -> 
  custom:video-encoder-webm-vp8: eb34c28f22e8b96e1ab97ce403110664 -> 
  custom:audio-encoder-webm-vorbis: bf7c407c2cedff20999df2af8eb42d56 -> 
  custom:framework-win-MediaFoundation: 216162199b28c13a410421893ffa2e32 -> 
  custom:container-demuxer-ogg: 62fdf1f143b41e24485cea50d1cbac27 -> 
  custom:video-decoder-webm-vp8: 9c59270c3fd7afecdb556c50c9e8de78 -> 
  custom:audio-decoder-ogg-vorbis: bf7c407c2cedff20999df2af8eb42d56 -> 
========================================================================
Received Prepare
Registering precompiled user dll's ...
Registered in 0.004926 seconds.
Begin MonoManager ReloadAssembly
Symbol file LoadedFromMemory doesn't match image D:\Unity\GitHub\ZombieSurvival\Zombie\Library\PackageCache\com.unity.visualscripting@1.7.8\Editor\VisualScripting.Core\Dependencies\YamlDotNet\Unity.VisualScripting.YamlDotNet.dll
Symbol file LoadedFromMemory doesn't match image D:\Unity\GitHub\ZombieSurvival\Zombie\Library\PackageCache\com.unity.visualscripting@1.7.8\Editor\VisualScripting.Core\Dependencies\DotNetZip\Unity.VisualScripting.IonicZip.dll
Native extension for UWP target not found
Native extension for WindowsStandalone target not found
Native extension for Android target not found
Native extension for WebGL target not found
Refreshing native plugins compatible for Editor in 0.95 ms, found 3 plugins.
Preloading 0 native plugins for Editor in 0.00 ms.
Mono: successfully reloaded assembly
- Completed reload, in  1.251 seconds
Domain Reload Profiling:
	ReloadAssembly (1252ms)
		BeginReloadAssembly (143ms)
			ExecutionOrderSort (0ms)
			DisableScriptedObjects (6ms)
			BackupInstance (0ms)
			ReleaseScriptingObjects (0ms)
			CreateAndSetChildDomain (42ms)
		EndReloadAssembly (994ms)
			LoadAssemblies (86ms)
			RebuildTransferFunctionScriptingTraits (0ms)
			SetupTypeCache (328ms)
			ReleaseScriptCaches (2ms)
			RebuildScriptCaches (68ms)
			SetupLoadedEditorAssemblies (445ms)
				LogAssemblyErrors (0ms)
				InitializePlatformSupportModulesInManaged (30ms)
				SetLoadedEditorAssemblies (1ms)
				RefreshPlugins (1ms)
				BeforeProcessingInitializeOnLoad (91ms)
				ProcessInitializeOnLoadAttributes (281ms)
				ProcessInitializeOnLoadMethodAttributes (36ms)
				AfterProcessingInitializeOnLoad (5ms)
				EditorAssembliesLoaded (0ms)
			ExecutionOrderSort2 (0ms)
			AwakeInstancesAfterBackupRestoration (9ms)
Platform modules already initialized, skipping
Refreshing native plugins compatible for Editor in 1.84 ms, found 3 plugins.
Preloading 0 native plugins for Editor in 0.00 ms.
Unloading 3380 Unused Serialized files (Serialized files now loaded: 0)
Unloading 24 unused Assets / (1.3 MB). Loaded Objects now: 3874.
Memory consumption went from 216.9 MB to 215.6 MB.
Total: 4.128400 ms (FindLiveObjects: 0.391200 ms CreateObjectMapping: 0.235700 ms MarkObjects: 2.773400 ms  DeleteObjects: 0.726900 ms)

AssetImportParameters requested are different than current active one (requested -> active):
  custom:video-decoder-ogg-theora: a1e56fd34408186e4bbccfd4996cb3dc -> 
  custom:container-muxer-webm: aa71ff27fc2769a1b78a27578f13a17b -> 
  custom:container-demuxer-webm: 4f35f7cbe854078d1ac9338744f61a02 -> 
  custom:video-encoder-webm-vp8: eb34c28f22e8b96e1ab97ce403110664 -> 
  custom:audio-encoder-webm-vorbis: bf7c407c2cedff20999df2af8eb42d56 -> 
  custom:framework-win-MediaFoundation: 216162199b28c13a410421893ffa2e32 -> 
  custom:container-demuxer-ogg: 62fdf1f143b41e24485cea50d1cbac27 -> 
  custom:video-decoder-webm-vp8: 9c59270c3fd7afecdb556c50c9e8de78 -> 
  custom:audio-decoder-ogg-vorbis: bf7c407c2cedff20999df2af8eb42d56 -> 
========================================================================
Received Prepare
Registering precompiled user dll's ...
Registered in 0.004972 seconds.
Begin MonoManager ReloadAssembly
Symbol file LoadedFromMemory doesn't match image D:\Unity\GitHub\ZombieSurvival\Zombie\Library\PackageCache\com.unity.visualscripting@1.7.8\Editor\VisualScripting.Core\Dependencies\YamlDotNet\Unity.VisualScripting.YamlDotNet.dll
Symbol file LoadedFromMemory doesn't match image D:\Unity\GitHub\ZombieSurvival\Zombie\Library\PackageCache\com.unity.visualscripting@1.7.8\Editor\VisualScripting.Core\Dependencies\DotNetZip\Unity.VisualScripting.IonicZip.dll
Native extension for UWP target not found
Native extension for WindowsStandalone target not found
Native extension for Android target not found
Native extension for WebGL target not found
Refreshing native plugins compatible for Editor in 0.88 ms, found 3 plugins.
Preloading 0 native plugins for Editor in 0.00 ms.
Mono: successfully reloaded assembly
- Completed reload, in  1.188 seconds
Domain Reload Profiling:
	ReloadAssembly (1189ms)
		BeginReloadAssembly (138ms)
			ExecutionOrderSort (0ms)
			DisableScriptedObjects (6ms)
			BackupInstance (0ms)
			ReleaseScriptingObjects (0ms)
			CreateAndSetChildDomain (39ms)
		EndReloadAssembly (944ms)
			LoadAssemblies (88ms)
			RebuildTransferFunctionScriptingTraits (0ms)
			SetupTypeCache (314ms)
			ReleaseScriptCaches (1ms)
			RebuildScriptCaches (44ms)
			SetupLoadedEditorAssemblies (440ms)
				LogAssemblyErrors (0ms)
				InitializePlatformSupportModulesInManaged (30ms)
				SetLoadedEditorAssemblies (1ms)
				RefreshPlugins (1ms)
				BeforeProcessingInitializeOnLoad (86ms)
				ProcessInitializeOnLoadAttributes (283ms)
				ProcessInitializeOnLoadMethodAttributes (35ms)
				AfterProcessingInitializeOnLoad (5ms)
				EditorAssembliesLoaded (0ms)
			ExecutionOrderSort2 (0ms)
			AwakeInstancesAfterBackupRestoration (8ms)
Platform modules already initialized, skipping
Refreshing native plugins compatible for Editor in 2.01 ms, found 3 plugins.
Preloading 0 native plugins for Editor in 0.00 ms.
Unloading 3380 Unused Serialized files (Serialized files now loaded: 0)
Unloading 24 unused Assets / (1.3 MB). Loaded Objects now: 3877.
Memory consumption went from 216.9 MB to 215.6 MB.
Total: 4.273600 ms (FindLiveObjects: 0.356400 ms CreateObjectMapping: 0.389600 ms MarkObjects: 2.810200 ms  DeleteObjects: 0.716400 ms)

AssetImportParameters requested are different than current active one (requested -> active):
  custom:video-decoder-ogg-theora: a1e56fd34408186e4bbccfd4996cb3dc -> 
  custom:container-muxer-webm: aa71ff27fc2769a1b78a27578f13a17b -> 
  custom:container-demuxer-webm: 4f35f7cbe854078d1ac9338744f61a02 -> 
  custom:video-encoder-webm-vp8: eb34c28f22e8b96e1ab97ce403110664 -> 
  custom:audio-encoder-webm-vorbis: bf7c407c2cedff20999df2af8eb42d56 -> 
  custom:framework-win-MediaFoundation: 216162199b28c13a410421893ffa2e32 -> 
  custom:container-demuxer-ogg: 62fdf1f143b41e24485cea50d1cbac27 -> 
  custom:video-decoder-webm-vp8: 9c59270c3fd7afecdb556c50c9e8de78 -> 
  custom:audio-decoder-ogg-vorbis: bf7c407c2cedff20999df2af8eb42d56 -> 
========================================================================
Received Prepare
Registering precompiled user dll's ...
Registered in 0.006913 seconds.
Begin MonoManager ReloadAssembly
Symbol file LoadedFromMemory doesn't match image D:\Unity\GitHub\ZombieSurvival\Zombie\Library\PackageCache\com.unity.visualscripting@1.7.8\Editor\VisualScripting.Core\Dependencies\YamlDotNet\Unity.VisualScripting.YamlDotNet.dll
Symbol file LoadedFromMemory doesn't match image D:\Unity\GitHub\ZombieSurvival\Zombie\Library\PackageCache\com.unity.visualscripting@1.7.8\Editor\VisualScripting.Core\Dependencies\DotNetZip\Unity.VisualScripting.IonicZip.dll
Native extension for UWP target not found
Native extension for WindowsStandalone target not found
Native extension for Android target not found
Native extension for WebGL target not found
Refreshing native plugins compatible for Editor in 0.70 ms, found 3 plugins.
Preloading 0 native plugins for Editor in 0.00 ms.
Mono: successfully reloaded assembly
- Completed reload, in  1.221 seconds
Domain Reload Profiling:
	ReloadAssembly (1222ms)
		BeginReloadAssembly (155ms)
			ExecutionOrderSort (0ms)
			DisableScriptedObjects (7ms)
			BackupInstance (0ms)
			ReleaseScriptingObjects (0ms)
			CreateAndSetChildDomain (47ms)
		EndReloadAssembly (966ms)
			LoadAssemblies (94ms)
			RebuildTransferFunctionScriptingTraits (0ms)
			SetupTypeCache (323ms)
			ReleaseScriptCaches (1ms)
			RebuildScriptCaches (47ms)
			SetupLoadedEditorAssemblies (443ms)
				LogAssemblyErrors (0ms)
				InitializePlatformSupportModulesInManaged (31ms)
				SetLoadedEditorAssemblies (1ms)
				RefreshPlugins (1ms)
				BeforeProcessingInitializeOnLoad (90ms)
				ProcessInitializeOnLoadAttributes (280ms)
				ProcessInitializeOnLoadMethodAttributes (36ms)
				AfterProcessingInitializeOnLoad (6ms)
				EditorAssembliesLoaded (0ms)
			ExecutionOrderSort2 (0ms)
			AwakeInstancesAfterBackupRestoration (9ms)
Platform modules already initialized, skipping
Refreshing native plugins compatible for Editor in 2.47 ms, found 3 plugins.
Preloading 0 native plugins for Editor in 0.00 ms.
Unloading 3380 Unused Serialized files (Serialized files now loaded: 0)
Unloading 24 unused Assets / (1.3 MB). Loaded Objects now: 3880.
Memory consumption went from 216.9 MB to 215.6 MB.
Total: 5.131500 ms (FindLiveObjects: 0.307100 ms CreateObjectMapping: 0.197800 ms MarkObjects: 3.796200 ms  DeleteObjects: 0.829200 ms)

AssetImportParameters requested are different than current active one (requested -> active):
  custom:video-decoder-ogg-theora: a1e56fd34408186e4bbccfd4996cb3dc -> 
  custom:container-muxer-webm: aa71ff27fc2769a1b78a27578f13a17b -> 
  custom:container-demuxer-webm: 4f35f7cbe854078d1ac9338744f61a02 -> 
  custom:video-encoder-webm-vp8: eb34c28f22e8b96e1ab97ce403110664 -> 
  custom:audio-encoder-webm-vorbis: bf7c407c2cedff20999df2af8eb42d56 -> 
  custom:framework-win-MediaFoundation: 216162199b28c13a410421893ffa2e32 -> 
  custom:container-demuxer-ogg: 62fdf1f143b41e24485cea50d1cbac27 -> 
  custom:video-decoder-webm-vp8: 9c59270c3fd7afecdb556c50c9e8de78 -> 
  custom:audio-decoder-ogg-vorbis: bf7c407c2cedff20999df2af8eb42d56 -> 
========================================================================
Received Import Request.
  Time since last request: 1905.262383 seconds.
  path: Assets/03.Models/Vanguard By T. Choonyung@Dwarf Idle.fbx
  artifactKey: Guid(3d5a57f5b0fded24fbfb56830b04dfe1) Importer(815301076,1909f56bfc062723c751e8b465ee728b)
Start importing Assets/03.Models/Vanguard By T. Choonyung@Dwarf Idle.fbx using Guid(3d5a57f5b0fded24fbfb56830b04dfe1) Importer(815301076,1909f56bfc062723c751e8b465ee728b)  -> (artifact id: '22d3234dcced9dbd8fe01fe4863ed3a2') in 0.149534 seconds 
========================================================================
Received Import Request.
  Time since last request: 81.469563 seconds.
  path: Assets/03.Models/Vanguard By T. Choonyung@Dwarf Idle.fbx
  artifactKey: Guid(3d5a57f5b0fded24fbfb56830b04dfe1) Importer(815301076,1909f56bfc062723c751e8b465ee728b)
Start importing Assets/03.Models/Vanguard By T. Choonyung@Dwarf Idle.fbx using Guid(3d5a57f5b0fded24fbfb56830b04dfe1) Importer(815301076,1909f56bfc062723c751e8b465ee728b)  -> (artifact id: 'b601653ff8edc716209e6d389950edcf') in 0.379908 seconds 
========================================================================
Received Import Request.
  Time since last request: 23.793309 seconds.
  path: Assets/03.Models/Vanguard By T. Choonyung@Dwarf Idle.fbx
  artifactKey: Guid(3d5a57f5b0fded24fbfb56830b04dfe1) Importer(815301076,1909f56bfc062723c751e8b465ee728b)
Start importing Assets/03.Models/Vanguard By T. Choonyung@Dwarf Idle.fbx using Guid(3d5a57f5b0fded24fbfb56830b04dfe1) Importer(815301076,1909f56bfc062723c751e8b465ee728b)  -> (artifact id: '358d418feb7547dedde628b3a0e94232') in 0.083281 seconds 
========================================================================
Received Prepare
Registering precompiled user dll's ...
Registered in 0.004934 seconds.
Begin MonoManager ReloadAssembly
Symbol file LoadedFromMemory doesn't match image D:\Unity\GitHub\ZombieSurvival\Zombie\Library\PackageCache\com.unity.visualscripting@1.7.8\Editor\VisualScripting.Core\Dependencies\YamlDotNet\Unity.VisualScripting.YamlDotNet.dll
Symbol file LoadedFromMemory doesn't match image D:\Unity\GitHub\ZombieSurvival\Zombie\Library\PackageCache\com.unity.visualscripting@1.7.8\Editor\VisualScripting.Core\Dependencies\DotNetZip\Unity.VisualScripting.IonicZip.dll
Native extension for UWP target not found
Native extension for WindowsStandalone target not found
Native extension for Android target not found
Native extension for WebGL target not found
Refreshing native plugins compatible for Editor in 0.65 ms, found 3 plugins.
Preloading 0 native plugins for Editor in 0.00 ms.
Mono: successfully reloaded assembly
- Completed reload, in  1.303 seconds
Domain Reload Profiling:
	ReloadAssembly (1304ms)
		BeginReloadAssembly (168ms)
			ExecutionOrderSort (0ms)
			DisableScriptedObjects (5ms)
			BackupInstance (0ms)
			ReleaseScriptingObjects (0ms)
			CreateAndSetChildDomain (51ms)
		EndReloadAssembly (1016ms)
			LoadAssemblies (101ms)
			RebuildTransferFunctionScriptingTraits (0ms)
			SetupTypeCache (351ms)
			ReleaseScriptCaches (1ms)
			RebuildScriptCaches (52ms)
			SetupLoadedEditorAssemblies (459ms)
				LogAssemblyErrors (0ms)
				InitializePlatformSupportModulesInManaged (34ms)
				SetLoadedEditorAssemblies (1ms)
				RefreshPlugins (1ms)
				BeforeProcessingInitializeOnLoad (94ms)
				ProcessInitializeOnLoadAttributes (288ms)
				ProcessInitializeOnLoadMethodAttributes (38ms)
				AfterProcessingInitializeOnLoad (4ms)
				EditorAssembliesLoaded (0ms)
			ExecutionOrderSort2 (0ms)
			AwakeInstancesAfterBackupRestoration (9ms)
Platform modules already initialized, skipping
Refreshing native plugins compatible for Editor in 1.90 ms, found 3 plugins.
Preloading 0 native plugins for Editor in 0.00 ms.
Unloading 3380 Unused Serialized files (Serialized files now loaded: 0)
Unloading 24 unused Assets / (1.2 MB). Loaded Objects now: 3916.
Memory consumption went from 217.1 MB to 215.9 MB.
Total: 13.255800 ms (FindLiveObjects: 0.320000 ms CreateObjectMapping: 0.250700 ms MarkObjects: 11.503600 ms  DeleteObjects: 1.179900 ms)

AssetImportParameters requested are different than current active one (requested -> active):
  custom:video-decoder-ogg-theora: a1e56fd34408186e4bbccfd4996cb3dc -> 
  custom:container-muxer-webm: aa71ff27fc2769a1b78a27578f13a17b -> 
  custom:container-demuxer-webm: 4f35f7cbe854078d1ac9338744f61a02 -> 
  custom:video-encoder-webm-vp8: eb34c28f22e8b96e1ab97ce403110664 -> 
  custom:audio-encoder-webm-vorbis: bf7c407c2cedff20999df2af8eb42d56 -> 
  custom:framework-win-MediaFoundation: 216162199b28c13a410421893ffa2e32 -> 
  custom:container-demuxer-ogg: 62fdf1f143b41e24485cea50d1cbac27 -> 
  custom:video-decoder-webm-vp8: 9c59270c3fd7afecdb556c50c9e8de78 -> 
  custom:audio-decoder-ogg-vorbis: bf7c407c2cedff20999df2af8eb42d56 -> 
========================================================================
Received Import Request.
  Time since last request: 101.920761 seconds.
  path: Assets/03.Models/Vanguard By T. Choonyung@Dwarf Idle.fbx
  artifactKey: Guid(3d5a57f5b0fded24fbfb56830b04dfe1) Importer(815301076,1909f56bfc062723c751e8b465ee728b)
Start importing Assets/03.Models/Vanguard By T. Choonyung@Dwarf Idle.fbx using Guid(3d5a57f5b0fded24fbfb56830b04dfe1) Importer(815301076,1909f56bfc062723c751e8b465ee728b)  -> (artifact id: '569c858e28b17b74758e6e49174aaa5a') in 0.129863 seconds 
========================================================================
Received Prepare
Registering precompiled user dll's ...
Registered in 0.006536 seconds.
Begin MonoManager ReloadAssembly
Symbol file LoadedFromMemory doesn't match image D:\Unity\GitHub\ZombieSurvival\Zombie\Library\PackageCache\com.unity.visualscripting@1.7.8\Editor\VisualScripting.Core\Dependencies\YamlDotNet\Unity.VisualScripting.YamlDotNet.dll
Symbol file LoadedFromMemory doesn't match image D:\Unity\GitHub\ZombieSurvival\Zombie\Library\PackageCache\com.unity.visualscripting@1.7.8\Editor\VisualScripting.Core\Dependencies\DotNetZip\Unity.VisualScripting.IonicZip.dll
Native extension for UWP target not found
Native extension for WindowsStandalone target not found
Native extension for Android target not found
Native extension for WebGL target not found
Refreshing native plugins compatible for Editor in 1.35 ms, found 3 plugins.
Preloading 0 native plugins for Editor in 0.00 ms.
Mono: successfully reloaded assembly
- Completed reload, in  1.268 seconds
Domain Reload Profiling:
	ReloadAssembly (1269ms)
		BeginReloadAssembly (142ms)
			ExecutionOrderSort (0ms)
			DisableScriptedObjects (5ms)
			BackupInstance (0ms)
			ReleaseScriptingObjects (0ms)
			CreateAndSetChildDomain (42ms)
		EndReloadAssembly (1010ms)
			LoadAssemblies (92ms)
			RebuildTransferFunctionScriptingTraits (0ms)
			SetupTypeCache (324ms)
			ReleaseScriptCaches (2ms)
			RebuildScriptCaches (68ms)
			SetupLoadedEditorAssemblies (457ms)
				LogAssemblyErrors (0ms)
				InitializePlatformSupportModulesInManaged (33ms)
				SetLoadedEditorAssemblies (1ms)
				RefreshPlugins (1ms)
				BeforeProcessingInitializeOnLoad (91ms)
				ProcessInitializeOnLoadAttributes (287ms)
				ProcessInitializeOnLoadMethodAttributes (39ms)
				AfterProcessingInitializeOnLoad (4ms)
				EditorAssembliesLoaded (0ms)
			ExecutionOrderSort2 (0ms)
			AwakeInstancesAfterBackupRestoration (10ms)
Platform modules already initialized, skipping
Refreshing native plugins compatible for Editor in 2.57 ms, found 3 plugins.
Preloading 0 native plugins for Editor in 0.00 ms.
Unloading 3380 Unused Serialized files (Serialized files now loaded: 0)
Unloading 24 unused Assets / (1.3 MB). Loaded Objects now: 3919.
Memory consumption went from 217.2 MB to 215.9 MB.
Total: 4.688200 ms (FindLiveObjects: 0.312100 ms CreateObjectMapping: 0.215700 ms MarkObjects: 3.470900 ms  DeleteObjects: 0.688500 ms)

AssetImportParameters requested are different than current active one (requested -> active):
  custom:video-decoder-ogg-theora: a1e56fd34408186e4bbccfd4996cb3dc -> 
  custom:container-muxer-webm: aa71ff27fc2769a1b78a27578f13a17b -> 
  custom:container-demuxer-webm: 4f35f7cbe854078d1ac9338744f61a02 -> 
  custom:video-encoder-webm-vp8: eb34c28f22e8b96e1ab97ce403110664 -> 
  custom:audio-encoder-webm-vorbis: bf7c407c2cedff20999df2af8eb42d56 -> 
  custom:framework-win-MediaFoundation: 216162199b28c13a410421893ffa2e32 -> 
  custom:container-demuxer-ogg: 62fdf1f143b41e24485cea50d1cbac27 -> 
  custom:video-decoder-webm-vp8: 9c59270c3fd7afecdb556c50c9e8de78 -> 
  custom:audio-decoder-ogg-vorbis: bf7c407c2cedff20999df2af8eb42d56 -> 
